<?xml version="1.0" encoding="UTF-8"?>
<testng-results ignored="0" total="1" passed="1" failed="0" skipped="0">
  <reporter-output>
  </reporter-output>
  <suite started-at="2021-06-28T13:07:59 IST" name="Default suite" finished-at="2021-06-28T13:39:09 IST" duration-ms="1870300">
    <groups>
    </groups>
    <test started-at="2021-06-28T13:07:59 IST" name="Default test" finished-at="2021-06-28T13:39:09 IST" duration-ms="1870300">
      <class name="TestFramework.SPA_FailureAnalysis.FailureAnalysisTest">
        <test-method is-config="true" signature="initialize()[pri:0, instance:TestFramework.SPA_FailureAnalysis.FailureAnalysisTest@69f1a286]" started-at="2021-06-28T13:07:59 IST" name="initialize" finished-at="2021-06-28T13:08:02 IST" duration-ms="3642" status="PASS">
          <reporter-output>
          </reporter-output>
        </test-method> <!-- initialize -->
        <test-method signature="startFailureAnalysis()[pri:0, instance:TestFramework.SPA_FailureAnalysis.FailureAnalysisTest@69f1a286]" started-at="2021-06-28T13:08:02 IST" name="startFailureAnalysis" finished-at="2021-06-28T13:39:07 IST" duration-ms="1864374" status="PASS">
          <reporter-output>
          </reporter-output>
        </test-method> <!-- startFailureAnalysis -->
        <test-method is-config="true" signature="teardown()[pri:0, instance:TestFramework.SPA_FailureAnalysis.FailureAnalysisTest@69f1a286]" started-at="2021-06-28T13:39:07 IST" name="teardown" finished-at="2021-06-28T13:39:09 IST" duration-ms="2263" status="PASS">
          <reporter-output>
          </reporter-output>
        </test-method> <!-- teardown -->
      </class> <!-- TestFramework.SPA_FailureAnalysis.FailureAnalysisTest -->
    </test> <!-- Default test -->
  </suite> <!-- Default suite -->
</testng-results>
