<?xml version="1.0" encoding="UTF-8"?>
<testng-results ignored="0" total="1" passed="1" failed="0" skipped="0">
  <reporter-output>
  </reporter-output>
  <suite started-at="2022-03-10T12:18:25 IST" name="Default suite" finished-at="2022-03-10T12:22:48 IST" duration-ms="263805">
    <groups>
    </groups>
    <test started-at="2022-03-10T12:18:25 IST" name="Default test" finished-at="2022-03-10T12:22:48 IST" duration-ms="263805">
      <class name="TestFramework.SPA_FailureAnalysis.FailureAnalysisTest">
        <test-method is-config="true" signature="initialize()[pri:0, instance:TestFramework.SPA_FailureAnalysis.FailureAnalysisTest@69f1a286]" started-at="2022-03-10T12:18:25 IST" name="initialize" finished-at="2022-03-10T12:18:34 IST" duration-ms="9245" status="PASS">
          <reporter-output>
          </reporter-output>
        </test-method> <!-- initialize -->
        <test-method signature="startFailureAnalysis()[pri:0, instance:TestFramework.SPA_FailureAnalysis.FailureAnalysisTest@69f1a286]" started-at="2022-03-10T12:18:34 IST" name="startFailureAnalysis" finished-at="2022-03-10T12:22:44 IST" duration-ms="250386" status="PASS">
          <reporter-output>
          </reporter-output>
        </test-method> <!-- startFailureAnalysis -->
        <test-method is-config="true" signature="teardown()[pri:0, instance:TestFramework.SPA_FailureAnalysis.FailureAnalysisTest@69f1a286]" started-at="2022-03-10T12:22:44 IST" name="teardown" finished-at="2022-03-10T12:22:48 IST" duration-ms="4147" status="PASS">
          <reporter-output>
          </reporter-output>
        </test-method> <!-- teardown -->
      </class> <!-- TestFramework.SPA_FailureAnalysis.FailureAnalysisTest -->
    </test> <!-- Default test -->
  </suite> <!-- Default suite -->
</testng-results>
